Added Component: Designator=C1(Wurth 0603 capacitor)
Add component (AddParameter): Name = "Value"; Value = "10uF"; VariantName = "[No Variations]"
Added Component: Designator=C2(Wurth 0603 capacitor)
Add component (AddParameter): Name = "Value"; Value = "100nF"; VariantName = "[No Variations]"
Added Component: Designator=C3(Wurth 0603 capacitor)
Add component (AddParameter): Name = "Value"; Value = "100nF"; VariantName = "[No Variations]"
Added Component: Designator=C4(Wurth 0603 capacitor)
Add component (AddParameter): Name = "Value"; Value = "10uF"; VariantName = "[No Variations]"
Added Component: Designator=C5(Wurth 0603 capacitor)
Add component (AddParameter): Name = "Value"; Value = "10uF"; VariantName = "[No Variations]"
Added Component: Designator=C6(Wurth 0603 capacitor)
Add component (AddParameter): Name = "Value"; Value = "10uF"; VariantName = "[No Variations]"
Added Component: Designator=C7(Wurth 0603 capacitor)
Add component (AddParameter): Name = "Value"; Value = "10uF"; VariantName = "[No Variations]"
Added Component: Designator=C8(Wurth 0603 capacitor)
Add component (AddParameter): Name = "Value"; Value = "10uF"; VariantName = "[No Variations]"
Added Component: Designator=C9(Wurth 0603 capacitor)
Add component (AddParameter): Name = "Value"; Value = "100nF"; VariantName = "[No Variations]"
Added Component: Designator=C10(Wurth 0603 capacitor)
Add component (AddParameter): Name = "Value"; Value = "1uF"; VariantName = "[No Variations]"
Added Component: Designator=IC1(SOT95P280X145-6N)
Add component (AddParameter): Name = "Arrow Part Number"; Value = ""; VariantName = "[No Variations]"
Add component (AddParameter): Name = "Arrow Price/Stock"; Value = ""; VariantName = "[No Variations]"
Add component (AddParameter): Name = "Datasheet Link"; Value = "https://www.ic-fortune.com/upload/Download/FS312F-G-DS-12_EN.pdf"; VariantName = "[No Variations]"
Add component (AddParameter): Name = "Height"; Value = "1.45mm"; VariantName = "[No Variations]"
Add component (AddParameter): Name = "Manufacturer_Name"; Value = "Fortune Semiconductor Corporation"; VariantName = "[No Variations]"
Add component (AddParameter): Name = "Manufacturer_Part_Number"; Value = "FS312F-G"; VariantName = "[No Variations]"
Add component (AddParameter): Name = "Mouser Part Number"; Value = ""; VariantName = "[No Variations]"
Add component (AddParameter): Name = "Mouser Price/Stock"; Value = ""; VariantName = "[No Variations]"
Added Component: Designator=IC2(ESPRESSIF ESP32S2SOLO2)
Added Component: Designator=IC3(UMW SOT89-3)
Add component (AddParameter): Name = "Category"; Value = "Voltage Regulators - Linear"; VariantName = "[No Variations]"
Add component (AddParameter): Name = "ComponentLink1Description"; Value = "https://datasheet.ciiva.com/1511/79203-1511505.pdf?src-supplier=Element14"; VariantName = "[No Variations]"
Add component (AddParameter): Name = "ComponentLink1URL"; Value = "https://datasheet.ciiva.com/1511/79203-1511505.pdf?src-supplier=Element14"; VariantName = "[No Variations]"
Add component (AddParameter): Name = "Manufacturer"; Value = "Holtek"; VariantName = "[No Variations]"
Add component (AddParameter): Name = "Manufacturer Part Number"; Value = "HT7130-1-SOT89TRLF"; VariantName = "[No Variations]"
Add component (AddParameter): Name = "Pricing"; Value = "1=0,143, 10=0,143, 25=0,143, 50=0,143, 100=0,143, 250=0,143, 500=0,143, 1000=0,143 (USD)"; VariantName = "[No Variations]"
Add component (AddParameter): Name = "RoHS"; Value = "Yes"; VariantName = "[No Variations]"
Add component (AddParameter): Name = "Stock"; Value = "2"; VariantName = "[No Variations]"
Add component (AddParameter): Name = "Supplier"; Value = "Newark"; VariantName = "[No Variations]"
Add component (AddParameter): Name = "Supplier Part Number"; Value = "53M7841"; VariantName = "[No Variations]"
Added Component: Designator=IC4(HeYangTek WSON-8-EP)
Added Component: Designator=J1(SOIC127P600X175-9N)
Add component (AddParameter): Name = "Arrow Part Number"; Value = ""; VariantName = "[No Variations]"
Add component (AddParameter): Name = "Arrow Price/Stock"; Value = ""; VariantName = "[No Variations]"
Add component (AddParameter): Name = "Datasheet Link"; Value = "https://dlnmh9ip6v2uc.cloudfront.net/datasheets/Prototyping/TP4056.pdf"; VariantName = "[No Variations]"
Add component (AddParameter): Name = "Height"; Value = "1.75mm"; VariantName = "[No Variations]"
Add component (AddParameter): Name = "Manufacturer_Name"; Value = "NanJing Top Power"; VariantName = "[No Variations]"
Add component (AddParameter): Name = "Manufacturer_Part_Number"; Value = "TP4056"; VariantName = "[No Variations]"
Add component (AddParameter): Name = "Mouser Part Number"; Value = ""; VariantName = "[No Variations]"
Add component (AddParameter): Name = "Mouser Price/Stock"; Value = ""; VariantName = "[No Variations]"
Added Component: Designator=J2(FP-B2B-XH-A_LF_SN-MFG)
Add component (AddParameter): Name = "Color"; Value = "Natural"; VariantName = "[No Variations]"
Add component (AddParameter): Name = "Connector Type"; Value = "Male Pin"; VariantName = "[No Variations]"
Add component (AddParameter): Name = "Contact Material"; Value = "Brass"; VariantName = "[No Variations]"
Add component (AddParameter): Name = "Contact Plating"; Value = "Tin"; VariantName = "[No Variations]"
Add component (AddParameter): Name = "Contact Resistance"; Value = "20mR"; VariantName = "[No Variations]"
Add component (AddParameter): Name = "Contact Type"; Value = "Male Pin"; VariantName = "[No Variations]"
Add component (AddParameter): Name = "Current Rating"; Value = "3A"; VariantName = "[No Variations]"
Add component (AddParameter): Name = "Depth"; Value = "5.75mm"; VariantName = "[No Variations]"
Add component (AddParameter): Name = "Fastening Type"; Value = "Detent"; VariantName = "[No Variations]"
Add component (AddParameter): Name = "Housing Color"; Value = "White"; VariantName = "[No Variations]"
Add component (AddParameter): Name = "Housing Material"; Value = "Polyamide"; VariantName = "[No Variations]"
Add component (AddParameter): Name = "Insulation Resistance"; Value = "1GR"; VariantName = "[No Variations]"
Add component (AddParameter): Name = "Lead Free"; Value = "Lead Free"; VariantName = "[No Variations]"
Add component (AddParameter): Name = "Lead Pitch"; Value = "2.5mm"; VariantName = "[No Variations]"
Add component (AddParameter): Name = "Length"; Value = "7.4mm"; VariantName = "[No Variations]"
Add component (AddParameter): Name = "Max Current Rating"; Value = "3A"; VariantName = "[No Variations]"
Add component (AddParameter): Name = "Max Operating Temperature"; Value = "85°C"; VariantName = "[No Variations]"
Add component (AddParameter): Name = "Max Voltage Rating (AC)"; Value = "250V"; VariantName = "[No Variations]"
Add component (AddParameter): Name = "Max Voltage Rating (DC)"; Value = "250V"; VariantName = "[No Variations]"
Add component (AddParameter): Name = "Min Operating Temperature"; Value = "-25°C"; VariantName = "[No Variations]"
Add component (AddParameter): Name = "Mount"; Value = "Through Hole"; VariantName = "[No Variations]"
Add component (AddParameter): Name = "Number of Contacts"; Value = "2"; VariantName = "[No Variations]"
Add component (AddParameter): Name = "Number of Positions"; Value = "2"; VariantName = "[No Variations]"
Add component (AddParameter): Name = "Number of Rows"; Value = "1"; VariantName = "[No Variations]"
Add component (AddParameter): Name = "Orientation"; Value = "Straight"; VariantName = "[No Variations]"
Add component (AddParameter): Name = "Packaging"; Value = "Bulk"; VariantName = "[No Variations]"
Add component (AddParameter): Name = "Pitch"; Value = "2.5mm"; VariantName = "[No Variations]"
Add component (AddParameter): Name = "REACH SVHC"; Value = "No SVHC"; VariantName = "[No Variations]"
Add component (AddParameter): Name = "Series"; Value = "XH"; VariantName = "[No Variations]"
Add component (AddParameter): Name = "Termination"; Value = "Solder"; VariantName = "[No Variations]"
Add component (AddParameter): Name = "Voltage Rating"; Value = "250V"; VariantName = "[No Variations]"
Add component (AddParameter): Name = "Voltage Rating (AC)"; Value = "250V"; VariantName = "[No Variations]"
Add component (AddParameter): Name = "Wire/Cable Gauge"; Value = "22AWG"; VariantName = "[No Variations]"
Added Component: Designator=J3(KINGHELM_KH-TYPE-C-16P)
Add component (AddParameter): Name = "Availability"; Value = "Not in stock"; VariantName = "[No Variations]"
Add component (AddParameter): Name = "Check_prices"; Value = "https://www.snapeda.com/parts/KH-TYPE-C-16P/Ki/view-part/?ref=eda"; VariantName = "[No Variations]"
Add component (AddParameter): Name = "MF"; Value = "kinghelm"; VariantName = "[No Variations]"
Add component (AddParameter): Name = "MP"; Value = "KH-TYPE-C-16P"; VariantName = "[No Variations]"
Add component (AddParameter): Name = "Package"; Value = "None"; VariantName = "[No Variations]"
Add component (AddParameter): Name = "Price"; Value = "None"; VariantName = "[No Variations]"
Add component (AddParameter): Name = "SnapEDA_Link"; Value = "https://www.snapeda.com/parts/KH-TYPE-C-16P/Ki/view-part/?ref=snap"; VariantName = "[No Variations]"
Add component (AddParameter): Name = "Value"; Value = ""; VariantName = "[No Variations]"
Add Component: Footprint Not Found 61300411121
Added Component: Designator=Q1(FS8205)
Add component (AddParameter): Name = "Arrow Part Number"; Value = ""; VariantName = "[No Variations]"
Add component (AddParameter): Name = "Arrow Price/Stock"; Value = ""; VariantName = "[No Variations]"
Add component (AddParameter): Name = "Datasheet Link"; Value = "https://www.ic-fortune.com/upload/Download/FS8205-DS-19_EN.pdf"; VariantName = "[No Variations]"
Add component (AddParameter): Name = "Height"; Value = "1mm"; VariantName = "[No Variations]"
Add component (AddParameter): Name = "Manufacturer_Name"; Value = "Fortune Semiconductor Corporation"; VariantName = "[No Variations]"
Add component (AddParameter): Name = "Manufacturer_Part_Number"; Value = "FS8205"; VariantName = "[No Variations]"
Add component (AddParameter): Name = "Mouser Part Number"; Value = ""; VariantName = "[No Variations]"
Add component (AddParameter): Name = "Mouser Price/Stock"; Value = ""; VariantName = "[No Variations]"
Added Component: Designator=Q2(MCC SOT-23-3)
Add component (AddParameter): Name = "Manufacturer"; Value = "MCC"; VariantName = "[No Variations]"
Add component (AddParameter): Name = "Manufacturer Part Number"; Value = "SI2310B-TP"; VariantName = "[No Variations]"
Add component (AddParameter): Name = "Pricing"; Value = "1=0,36, 10=0,255, 100=0,1286, 500=0,10488, 1000=0,07782 (USD)"; VariantName = "[No Variations]"
Add component (AddParameter): Name = "RoHS"; Value = "Yes"; VariantName = "[No Variations]"
Add component (AddParameter): Name = "Stock"; Value = "114263"; VariantName = "[No Variations]"
Add component (AddParameter): Name = "Supplier"; Value = "Digikey"; VariantName = "[No Variations]"
Add component (AddParameter): Name = "Supplier Part Number"; Value = "353-SI2310B-TPCT-ND"; VariantName = "[No Variations]"
Added Component: Designator=R1(Wurth 0603 Resistor)
Add component (AddParameter): Name = "Value"; Value = "330R"; VariantName = "[No Variations]"
Added Component: Designator=R2(Wurth 0603 Resistor)
Add component (AddParameter): Name = "Value"; Value = "100R"; VariantName = "[No Variations]"
Added Component: Designator=R3(Wurth 0603 Resistor)
Add component (AddParameter): Name = "Value"; Value = "1k"; VariantName = "[No Variations]"
Added Component: Designator=R4(Wurth 0603 Resistor)
Add component (AddParameter): Name = "Value"; Value = "2k"; VariantName = "[No Variations]"
Added Component: Designator=R5(0805 Resistor)
Add component (AddParameter): Name = "Value"; Value = "5k1"; VariantName = "[No Variations]"
Added Component: Designator=R6(0805 Resistor)
Add component (AddParameter): Name = "Value"; Value = "5k1"; VariantName = "[No Variations]"
Added Component: Designator=R7(Wurth 0603 Resistor)
Add component (AddParameter): Name = "Value"; Value = "10k"; VariantName = "[No Variations]"
Added Component: Designator=R8(0805 Resistor)
Add component (AddParameter): Name = "Value"; Value = "5k1"; VariantName = "[No Variations]"
Added Component: Designator=R9(Wurth 0603 Resistor)
Add component (AddParameter): Name = "Value"; Value = "2k2"; VariantName = "[No Variations]"
Added Component: Designator=R10(Wurth 0603 Resistor)
Add component (AddParameter): Name = "Value"; Value = "10k"; VariantName = "[No Variations]"
Added Component: Designator=R11(Wurth 0603 Resistor)
Add component (AddParameter): Name = "Value"; Value = "2k2"; VariantName = "[No Variations]"
Added Component: Designator=R12(Wurth 0603 Resistor)
Add component (AddParameter): Name = "Value"; Value = "2k2"; VariantName = "[No Variations]"
Added Component: Designator=S1(TS1088R02026)
Added Component: Designator=S2(TS1088R02026)
Added Component: Designator=U1(AHT20)
Add component (AddParameter): Name = "Arrow Part Number"; Value = ""; VariantName = "[No Variations]"
Add component (AddParameter): Name = "Arrow Price/Stock"; Value = ""; VariantName = "[No Variations]"
Add component (AddParameter): Name = "Datasheet Link"; Value = "http://www.aosong.com/userfiles/files/media/Data%20Sheet%20AHT20.pdf"; VariantName = "[No Variations]"
Add component (AddParameter): Name = "Height"; Value = "1.1mm"; VariantName = "[No Variations]"
Add component (AddParameter): Name = "Manufacturer_Name"; Value = "Aosong"; VariantName = "[No Variations]"
Add component (AddParameter): Name = "Manufacturer_Part_Number"; Value = "AHT20"; VariantName = "[No Variations]"
Add component (AddParameter): Name = "Mouser Part Number"; Value = ""; VariantName = "[No Variations]"
Add component (AddParameter): Name = "Mouser Price/Stock"; Value = ""; VariantName = "[No Variations]"
Added Pin To Net: NetName=GND Pin=C1-1
Added Pin To Net: NetName=NetC1_2 Pin=C1-2
Added Pin To Net: NetName=GND Pin=C2-1
Added Pin To Net: NetName=NetC1_2 Pin=C2-2
Added Pin To Net: NetName=B- Pin=C3-1
Added Pin To Net: NetName=NetC3_2 Pin=C3-2
Added Pin To Net: NetName=GND Pin=C4-1
Added Pin To Net: NetName=+VBUS Pin=C4-2
Added Pin To Net: NetName=GND Pin=C5-1
Added Pin To Net: NetName=B+ Pin=C5-2
Added Pin To Net: NetName=GND Pin=C6-1
Added Pin To Net: NetName=B+ Pin=C6-2
Added Pin To Net: NetName=GND Pin=C7-1
Added Pin To Net: NetName=+3V Pin=C7-2
Added Pin To Net: NetName=GND Pin=C8-1
Added Pin To Net: NetName=+3V Pin=C8-2
Added Pin To Net: NetName=GND Pin=C9-1
Added Pin To Net: NetName=+3V Pin=C9-2
Added Pin To Net: NetName=GND Pin=C10-1
Added Pin To Net: NetName=RST Pin=C10-2
Added Pin To Net: NetName=NetIC1_1 Pin=IC1-1
Added Pin To Net: NetName=NetIC1_2 Pin=IC1-2
Added Pin To Net: NetName=NetIC1_3 Pin=IC1-3
Added Pin To Net: NetName=NetC3_2 Pin=IC1-5
Added Pin To Net: NetName=B- Pin=IC1-6
Added Pin To Net: NetName=GND Pin=IC2-1
Added Pin To Net: NetName=+3V Pin=IC2-2
Added Pin To Net: NetName=RST Pin=IC2-3
Added Pin To Net: NetName=SCL Pin=IC2-6
Added Pin To Net: NetName=SDA Pin=IC2-7
Added Pin To Net: NetName=D_N Pin=IC2-13
Added Pin To Net: NetName=D_P Pin=IC2-14
Added Pin To Net: NetName=BAT_V Pin=IC2-15
Added Pin To Net: NetName=ADC_SW Pin=IC2-16
Added Pin To Net: NetName=NetIC2_17 Pin=IC2-17
Added Pin To Net: NetName=NetIC2_18 Pin=IC2-18
Added Pin To Net: NetName=NetIC2_19 Pin=IC2-19
Added Pin To Net: NetName=NetIC2_20 Pin=IC2-20
Added Pin To Net: NetName=NetIC2_21 Pin=IC2-21
Added Pin To Net: NetName=NetIC2_22 Pin=IC2-22
Added Pin To Net: NetName=BOOT Pin=IC2-27
Added Pin To Net: NetName=GND Pin=IC2-40
Added Pin To Net: NetName=GND Pin=IC2-41
Added Pin To Net: NetName=GND Pin=IC2-42
Added Pin To Net: NetName=GND Pin=IC2-43
Added Pin To Net: NetName=GND Pin=IC2-44
Added Pin To Net: NetName=GND Pin=IC2-45
Added Pin To Net: NetName=GND Pin=IC2-46
Added Pin To Net: NetName=GND Pin=IC2-47
Added Pin To Net: NetName=GND Pin=IC2-48
Added Pin To Net: NetName=GND Pin=IC2-49
Added Pin To Net: NetName=GND Pin=IC3-1
Added Pin To Net: NetName=B+ Pin=IC3-2
Added Pin To Net: NetName=+3V Pin=IC3-3
Added Pin To Net: NetName=NetIC2_18 Pin=IC4-1
Added Pin To Net: NetName=NetIC2_21 Pin=IC4-2
Added Pin To Net: NetName=NetIC2_22 Pin=IC4-3
Added Pin To Net: NetName=GND Pin=IC4-4
Added Pin To Net: NetName=NetIC2_19 Pin=IC4-5
Added Pin To Net: NetName=NetIC2_20 Pin=IC4-6
Added Pin To Net: NetName=NetIC2_17 Pin=IC4-7
Added Pin To Net: NetName=+3V Pin=IC4-8
Added Pin To Net: NetName=GND Pin=J1-1
Added Pin To Net: NetName=NetJ1_2 Pin=J1-2
Added Pin To Net: NetName=GND Pin=J1-3
Added Pin To Net: NetName=+VBUS Pin=J1-4
Added Pin To Net: NetName=B+ Pin=J1-5
Added Pin To Net: NetName=+VBUS Pin=J1-8
Added Pin To Net: NetName=GND Pin=J1-9
Added Pin To Net: NetName=B+ Pin=J2-1
Added Pin To Net: NetName=B- Pin=J2-2
Added Pin To Net: NetName=GND Pin=J3-A1_B12
Added Pin To Net: NetName=+VBUS Pin=J3-A4_B9
Added Pin To Net: NetName=NetJ3_A5 Pin=J3-A5
Added Pin To Net: NetName=D_P Pin=J3-A6
Added Pin To Net: NetName=D_N Pin=J3-A7
Added Pin To Net: NetName=+VBUS Pin=J3-A9_B4
Added Pin To Net: NetName=GND Pin=J3-A12_B1
Added Pin To Net: NetName=NetJ3_B5 Pin=J3-B5
Added Pin To Net: NetName=D_P Pin=J3-B6
Added Pin To Net: NetName=D_N Pin=J3-B7
Added Pin To Net: NetName=GND Pin=J3-SH1
Added Pin To Net: NetName=GND Pin=J3-SH2
Added Pin To Net: NetName=GND Pin=J3-SH3
Added Pin To Net: NetName=GND Pin=J3-SH4
Add Pin To Net: Unknown Pin: Pin P1-1
Add Pin To Net: Unknown Pin: Pin P1-2
Add Pin To Net: Unknown Pin: Pin P1-3
Add Pin To Net: Unknown Pin: Pin P1-4
Added Pin To Net: NetName=GND Pin=Q1-1
Added Pin To Net: NetName=B- Pin=Q1-3
Added Pin To Net: NetName=NetIC1_3 Pin=Q1-4
Added Pin To Net: NetName=NetIC1_1 Pin=Q1-6
Added Pin To Net: NetName=ADC_SW Pin=Q2-1
Added Pin To Net: NetName=BAT_V Pin=Q2-2
Added Pin To Net: NetName=NetQ2_3 Pin=Q2-3
Added Pin To Net: NetName=+3V Pin=R1-1
Added Pin To Net: NetName=NetC1_2 Pin=R1-2
Added Pin To Net: NetName=NetC3_2 Pin=R2-1
Added Pin To Net: NetName=B+ Pin=R2-2
Added Pin To Net: NetName=GND Pin=R3-1
Added Pin To Net: NetName=NetIC1_2 Pin=R3-2
Added Pin To Net: NetName=GND Pin=R4-1
Added Pin To Net: NetName=NetJ1_2 Pin=R4-2
Added Pin To Net: NetName=GND Pin=R5-1
Added Pin To Net: NetName=NetJ3_A5 Pin=R5-2
Added Pin To Net: NetName=GND Pin=R6-1
Added Pin To Net: NetName=NetJ3_B5 Pin=R6-2
Added Pin To Net: NetName=RST Pin=R7-1
Added Pin To Net: NetName=+3V Pin=R7-2
Added Pin To Net: NetName=NetQ2_3 Pin=R8-1
Added Pin To Net: NetName=B+ Pin=R8-2
Added Pin To Net: NetName=GND Pin=R9-1
Added Pin To Net: NetName=BAT_V Pin=R9-2
Added Pin To Net: NetName=GND Pin=R10-1
Added Pin To Net: NetName=ADC_SW Pin=R10-2
Added Pin To Net: NetName=SCL Pin=R11-1
Added Pin To Net: NetName=+3V Pin=R11-2
Added Pin To Net: NetName=SDA Pin=R12-1
Added Pin To Net: NetName=+3V Pin=R12-2
Added Pin To Net: NetName=GND Pin=S1-1
Added Pin To Net: NetName=RST Pin=S1-2
Added Pin To Net: NetName=GND Pin=S2-1
Added Pin To Net: NetName=BOOT Pin=S2-2
Added Pin To Net: NetName=NetC1_2 Pin=U1-2
Added Pin To Net: NetName=SCL Pin=U1-3
Added Pin To Net: NetName=SDA Pin=U1-4
Added Pin To Net: NetName=GND Pin=U1-5
Added Member To Class: ClassName=U_AHT20_Sensor Member=Component C1 Generic Capacitor 10uF 0603
Added Member To Class: ClassName=U_AHT20_Sensor Member=Component C2 Generic Capacitor 100nF 0603
Added Member To Class: ClassName=U_Battery_Management Member=Component C3 Generic Capacitor 100nF 0603
Added Member To Class: ClassName=U_Battery_Management Member=Component C4 Generic Capacitor 10uF 0603
Added Member To Class: ClassName=U_Battery_Management Member=Component C5 Generic Capacitor 10uF 0603
Added Member To Class: ClassName=U_LDO Member=Component C6 Generic Capacitor 10uF 0603
Added Member To Class: ClassName=U_LDO Member=Component C7 Generic Capacitor 10uF 0603
Added Member To Class: ClassName=U_ESP32_S2_SOLO_2 Member=Component C8 Generic Capacitor 10uF 0603
Added Member To Class: ClassName=U_ESP32_S2_SOLO_2 Member=Component C9 Generic Capacitor 100nF 0603
Added Member To Class: ClassName=U_ESP32_S2_SOLO_2 Member=Component C10 Generic Capacitor 1uF 0603
Added Member To Class: ClassName=U_Battery_Management Member=Component IC1 FS312F-G
Added Member To Class: ClassName=U_ESP32_S2_SOLO_2 Member=Component IC2 ESP32-S2-SOLO-2
Added Member To Class: ClassName=U_LDO Member=Component IC3 HT7130-1
Added Member To Class: ClassName=U_NAND_Flash Member=Component IC4 HYF1GQ4UDACAE
Added Member To Class: ClassName=U_Battery_Management Member=Component J1 TP4056
Added Member To Class: ClassName=U_Battery_Management Member=Component J2 Battery connector
Added Member To Class: ClassName=U_USB Member=Component J3 KH-TYPE-C-16P
Add Class Member: Failed to add class member : Component P1 OLED header
Added Member To Class: ClassName=U_Battery_Management Member=Component Q1 FS8205
Added Member To Class: ClassName=U_ESP32_S2_SOLO_2 Member=Component Q2 SI2310B-TP
Added Member To Class: ClassName=U_AHT20_Sensor Member=Component R1 Generic Resistor 330R 0603
Added Member To Class: ClassName=U_Battery_Management Member=Component R2 Generic Resistor 100R 0603
Added Member To Class: ClassName=U_Battery_Management Member=Component R3 Generic Resistor 1k 0603
Added Member To Class: ClassName=U_Battery_Management Member=Component R4 Generic Resistor 2k 0603
Added Member To Class: ClassName=U_USB Member=Component R5 Generic Resistor 5k1 0805
Added Member To Class: ClassName=U_USB Member=Component R6 Generic Resistor 5k1 0805
Added Member To Class: ClassName=U_ESP32_S2_SOLO_2 Member=Component R7 Generic Resistor 10k 0603
Added Member To Class: ClassName=U_ESP32_S2_SOLO_2 Member=Component R8 Generic Resistor 5k1 0805
Added Member To Class: ClassName=U_ESP32_S2_SOLO_2 Member=Component R9 Generic Resistor 2k2 0603
Added Member To Class: ClassName=U_ESP32_S2_SOLO_2 Member=Component R10 Generic Resistor 10k 0603
Added Member To Class: ClassName=Top_Design Member=Component R11 Generic Resistor 2k2 0603
Added Member To Class: ClassName=Top_Design Member=Component R12 Generic Resistor 2k2 0603
Added Member To Class: ClassName=U_ESP32_S2_SOLO_2 Member=Component S1 TS-1088R-02026
Added Member To Class: ClassName=U_ESP32_S2_SOLO_2 Member=Component S2 TS-1088R-02026
Added Member To Class: ClassName=U_AHT20_Sensor Member=Component U1 AHT20
