Removed Pin From Net: NetName=GND Pin=Q1-1
Removed Pin From Net: NetName=B- Pin=Q1-3
Removed Pin From Net: NetName=NetIC1_3 Pin=Q1-4
Removed Pin From Net: NetName=NetIC1_1 Pin=Q1-6
Added Pin To Net: NetName=B- Pin=Q1-1
Added Pin To Net: NetName=GND Pin=Q1-3
Added Pin To Net: NetName=NetIC1_1 Pin=Q1-4
Added Pin To Net: NetName=NetIC1_3 Pin=Q1-6
Added Member To Class: ClassName=U_AHT20_Sensor Member=Component C1 Generic Capacitor 10uF 0603
Added Member To Class: ClassName=U_AHT20_Sensor Member=Component C2 Generic Capacitor 100nF 0603
Added Member To Class: ClassName=U_Battery_Management Member=Component C3 Generic Capacitor 100nF 0603
Added Member To Class: ClassName=U_Battery_Management Member=Component C4 Generic Capacitor 10uF 0603
Added Member To Class: ClassName=U_Battery_Management Member=Component C5 Generic Capacitor 10uF 0603
Added Member To Class: ClassName=U_LDO Member=Component C6 Generic Capacitor 10uF 0603
Added Member To Class: ClassName=U_LDO Member=Component C7 Generic Capacitor 10uF 0603
Added Member To Class: ClassName=U_ESP32_S2_SOLO_2 Member=Component C8 Generic Capacitor 10uF 0603
Added Member To Class: ClassName=U_ESP32_S2_SOLO_2 Member=Component C9 Generic Capacitor 100nF 0603
Added Member To Class: ClassName=U_ESP32_S2_SOLO_2 Member=Component C10 Generic Capacitor 1uF 0603
Added Member To Class: ClassName=U_Battery_Management Member=Component IC1 FS312F-G
Added Member To Class: ClassName=U_ESP32_S2_SOLO_2 Member=Component IC2 ESP32-S2-SOLO-2
Added Member To Class: ClassName=U_LDO Member=Component IC3 HT7130-1
Added Member To Class: ClassName=U_NAND_Flash Member=Component IC4 HYF1GQ4UDACAE
Added Member To Class: ClassName=U_Battery_Management Member=Component J1 TP4056
Added Member To Class: ClassName=U_Battery_Management Member=Component J2 Battery connector
Added Member To Class: ClassName=U_USB Member=Component J3 KH-TYPE-C-16P
Added Member To Class: ClassName=U_ESP32_S2_SOLO_2 Member=Component P1 OLED header
Added Member To Class: ClassName=U_Battery_Management Member=Component Q1 FS8205
Added Member To Class: ClassName=U_ESP32_S2_SOLO_2 Member=Component Q2 SI2310B-TP
Added Member To Class: ClassName=U_AHT20_Sensor Member=Component R1 Generic Resistor 330R 0603
Added Member To Class: ClassName=U_Battery_Management Member=Component R2 Generic Resistor 100R 0603
Added Member To Class: ClassName=U_Battery_Management Member=Component R3 Generic Resistor 1k 0603
Added Member To Class: ClassName=U_Battery_Management Member=Component R4 Generic Resistor 2k 0603
Added Member To Class: ClassName=U_USB Member=Component R5 Generic Resistor 5k1 0805
Added Member To Class: ClassName=U_USB Member=Component R6 Generic Resistor 5k1 0805
Added Member To Class: ClassName=U_ESP32_S2_SOLO_2 Member=Component R7 Generic Resistor 10k 0603
Added Member To Class: ClassName=U_ESP32_S2_SOLO_2 Member=Component R8 Generic Resistor 5k1 0805
Added Member To Class: ClassName=U_ESP32_S2_SOLO_2 Member=Component R9 Generic Resistor 2k2 0603
Added Member To Class: ClassName=U_ESP32_S2_SOLO_2 Member=Component R10 Generic Resistor 10k 0603
Added Member To Class: ClassName=Top_Design Member=Component R11 Generic Resistor 2k2 0603
Added Member To Class: ClassName=Top_Design Member=Component R12 Generic Resistor 2k2 0603
Added Member To Class: ClassName=U_ESP32_S2_SOLO_2 Member=Component S1 TS-1088R-02026
Added Member To Class: ClassName=U_ESP32_S2_SOLO_2 Member=Component S2 TS-1088R-02026
Added Member To Class: ClassName=U_AHT20_Sensor Member=Component U1 AHT20
