Change Component Designator: OldDesignator=IC? NewDesignator=IC4
Add Component: Footprint Not Found 61300411121
Add Pin To Net: Unknown Pin: Pin IC2-1
Add Pin To Net: Unknown Pin: Pin IC2-2
Add Pin To Net: Unknown Pin: Pin IC2-3
Add Pin To Net: Unknown Pin: Pin IC2-6
Add Pin To Net: Unknown Pin: Pin IC2-7
Add Pin To Net: Unknown Pin: Pin IC2-15
Add Pin To Net: Unknown Pin: Pin IC2-16
Add Pin To Net: Unknown Pin: Pin IC2-17
Add Pin To Net: Unknown Pin: Pin IC2-18
Add Pin To Net: Unknown Pin: Pin IC2-19
Add Pin To Net: Unknown Pin: Pin IC2-20
Add Pin To Net: Unknown Pin: Pin IC2-21
Add Pin To Net: Unknown Pin: Pin IC2-22
Add Pin To Net: Unknown Pin: Pin IC2-27
Add Pin To Net: Unknown Pin: Pin IC2-40
Add Pin To Net: Unknown Pin: Pin IC2-41
Add Pin To Net: Unknown Pin: Pin IC2-42
Add Pin To Net: Unknown Pin: Pin IC2-43
Add Pin To Net: Unknown Pin: Pin IC2-44
Add Pin To Net: Unknown Pin: Pin IC2-45
Add Pin To Net: Unknown Pin: Pin IC2-46
Add Pin To Net: Unknown Pin: Pin IC2-47
Add Pin To Net: Unknown Pin: Pin IC2-48
Add Pin To Net: Unknown Pin: Pin IC2-49
Add Pin To Net: Unknown Pin: Pin P1-1
Add Pin To Net: Unknown Pin: Pin P1-2
Add Pin To Net: Unknown Pin: Pin P1-3
Add Pin To Net: Unknown Pin: Pin P1-4
Added Pin To Net: NetName=D_N Pin=J3-A7
Added Pin To Net: NetName=D_N Pin=J3-B7
Added Net: Name=D_N
Added Pin To Net: NetName=D_P Pin=J3-A6
Added Pin To Net: NetName=D_P Pin=J3-B6
Added Net: Name=D_P
Add Class Member: Failed to add class member : Component IC2 ESP32-S2-SOLO-2
Add Class Member: Failed to add class member : Component P1 OLED header
